Cude is available:  True
Downloading http://yann.lecun.com/exdb/mnist/train-images-idx3-ubyte.gz
Downloading http://yann.lecun.com/exdb/mnist/train-images-idx3-ubyte.gz to /tmp/MNIST/raw/train-images-idx3-ubyte.gz
  0%|          | 0/9912422 [00:00<?, ?it/s]  7%|▋         | 675840/9912422 [00:00<00:01, 6738148.46it/s] 84%|████████▍ | 8375296/9912422 [00:00<00:00, 47997250.49it/s]9913344it [00:00, 46477414.85it/s]                             
Extracting /tmp/MNIST/raw/train-images-idx3-ubyte.gz to /tmp/MNIST/raw

Downloading http://yann.lecun.com/exdb/mnist/train-labels-idx1-ubyte.gz
Downloading http://yann.lecun.com/exdb/mnist/train-labels-idx1-ubyte.gz to /tmp/MNIST/raw/train-labels-idx1-ubyte.gz
  0%|          | 0/28881 [00:00<?, ?it/s]29696it [00:00, 12966276.45it/s]         
Extracting /tmp/MNIST/raw/train-labels-idx1-ubyte.gz to /tmp/MNIST/raw

Downloading http://yann.lecun.com/exdb/mnist/t10k-images-idx3-ubyte.gz
Downloading http://yann.lecun.com/exdb/mnist/t10k-images-idx3-ubyte.gz to /tmp/MNIST/raw/t10k-images-idx3-ubyte.gz
  0%|          | 0/1648877 [00:00<?, ?it/s] 51%|█████     | 838656/1648877 [00:00<00:00, 8335829.21it/s]1649664it [00:00, 13486126.99it/s]                           
Extracting /tmp/MNIST/raw/t10k-images-idx3-ubyte.gz to /tmp/MNIST/raw

Downloading http://yann.lecun.com/exdb/mnist/t10k-labels-idx1-ubyte.gz
Downloading http://yann.lecun.com/exdb/mnist/t10k-labels-idx1-ubyte.gz to /tmp/MNIST/raw/t10k-labels-idx1-ubyte.gz
  0%|          | 0/4542 [00:00<?, ?it/s]5120it [00:00, 27046393.55it/s]         
Extracting /tmp/MNIST/raw/t10k-labels-idx1-ubyte.gz to /tmp/MNIST/raw

Processing...
/itet-stor/fanconic/net_scratch/conda_envs/pytcu10/lib/python3.8/site-packages/torchvision/datasets/mnist.py:502: UserWarning: The given NumPy array is not writeable, and PyTorch does not support non-writeable tensors. This means you can write to the underlying (supposedly non-writeable) NumPy array using the tensor. You may want to copy the array to protect its data or make it writeable before converting it to a tensor. This type of warning will be suppressed for the rest of this program. (Triggered internally at  /opt/conda/conda-bld/pytorch_1616554786078/work/torch/csrc/utils/tensor_numpy.cpp:143.)
  return torch.from_numpy(parsed.astype(m[2], copy=False)).view(*s)
Done!
/scratch_net/airfox/fanconic/semproj2/hidden_uncertainty_active_learning/src/data/sampling.py:15: UserWarning: To copy construct from a tensor, it is recommended to use sourceTensor.clone().detach() or sourceTensor.clone().detach().requires_grad_(True), rather than torch.tensor(sourceTensor).
  train_data.append(torch.unsqueeze(torch.tensor(data), 0))
/scratch_net/airfox/fanconic/semproj2/hidden_uncertainty_active_learning/src/data/sampling.py:18: UserWarning: To copy construct from a tensor, it is recommended to use sourceTensor.clone().detach() or sourceTensor.clone().detach().requires_grad_(True), rather than torch.tensor(sourceTensor).
  test_data.append(torch.unsqueeze(torch.tensor(data), 0))
2021-10-09 19:29.35 [info     ] Starting training              dataset=20 epoch=100
/itet-stor/fanconic/net_scratch/conda_envs/pytcu10/lib/python3.8/site-packages/torch/utils/data/dataloader.py:474: UserWarning: This DataLoader will create 4 worker processes in total. Our suggested max number of worker in current system is 3, which is smaller than what this DataLoader is going to create. Please be aware that excessive worker creation might get DataLoader running slow or even freeze, lower the worker number to avoid potential slowness/freeze if necessary.
  warnings.warn(_create_warning_msg(
2021-10-09 19:30.01 [info     ] Training complete              train_loss=6.39068078994751
2021-10-09 19:30.01 [info     ] Starting evaluating            dataset=10000
2021-10-09 19:30.07 [info     ] Evaluation complete            test_loss=1.5301295518875122
{'dataset_size': 20,
 'test_accuracy': 0.5108826160430908,
 'test_loss': 1.5301295518875122,
 'train_accuracy': 1.0,
 'train_loss': 6.39068078994751,
 'val_accuracy': 0.453125}
2021-10-09 19:30.07 [info     ] Start Predict                  dataset=59880
2021-10-09 19:30.44 [info     ] Starting training              dataset=30 epoch=100
2021-10-09 19:31.10 [info     ] Training complete              train_loss=6.409552574157715
2021-10-09 19:31.10 [info     ] Starting evaluating            dataset=10000
2021-10-09 19:31.17 [info     ] Evaluation complete            test_loss=1.4640294313430786
{'dataset_size': 30,
 'test_accuracy': 0.5398362874984741,
 'test_loss': 1.4640294313430786,
 'train_accuracy': 0.9666666984558105,
 'train_loss': 6.409552574157715,
 'val_accuracy': 0.4375}
2021-10-09 19:31.17 [info     ] Start Predict                  dataset=59870
2021-10-09 19:31.51 [info     ] Starting training              dataset=40 epoch=100
2021-10-09 19:32.07 [info     ] Training complete              train_loss=6.0564422607421875
2021-10-09 19:32.07 [info     ] Starting evaluating            dataset=10000
2021-10-09 19:32.13 [info     ] Evaluation complete            test_loss=1.5511047840118408
{'dataset_size': 40,
 'test_accuracy': 0.5023961663246155,
 'test_loss': 1.5511047840118408,
 'train_accuracy': 0.984375,
 'train_loss': 6.0564422607421875,
 'val_accuracy': 0.453125}
2021-10-09 19:32.13 [info     ] Start Predict                  dataset=59860
2021-10-09 19:32.48 [info     ] Starting training              dataset=50 epoch=100
2021-10-09 19:33.10 [info     ] Training complete              train_loss=4.972350597381592
2021-10-09 19:33.10 [info     ] Starting evaluating            dataset=10000
2021-10-09 19:33.16 [info     ] Evaluation complete            test_loss=1.449698805809021
{'dataset_size': 50,
 'test_accuracy': 0.5495207905769348,
 'test_loss': 1.449698805809021,
 'train_accuracy': 0.9722222089767456,
 'train_loss': 4.972350597381592,
 'val_accuracy': 0.4921875}
2021-10-09 19:33.16 [info     ] Start Predict                  dataset=59850
2021-10-09 19:33.54 [info     ] Starting training              dataset=60 epoch=100
2021-10-09 19:34.19 [info     ] Training complete              train_loss=4.559634208679199
2021-10-09 19:34.19 [info     ] Starting evaluating            dataset=10000
2021-10-09 19:34.25 [info     ] Evaluation complete            test_loss=1.2796671390533447
{'dataset_size': 60,
 'test_accuracy': 0.5898562073707581,
 'test_loss': 1.2796671390533447,
 'train_accuracy': 0.9821428656578064,
 'train_loss': 4.559634208679199,
 'val_accuracy': 0.4609375}
2021-10-09 19:34.25 [info     ] Start Predict                  dataset=59840
2021-10-09 19:35.03 [info     ] Starting training              dataset=70 epoch=100
2021-10-09 19:35.20 [info     ] Training complete              train_loss=4.721935749053955
2021-10-09 19:35.20 [info     ] Starting evaluating            dataset=10000
2021-10-09 19:35.26 [info     ] Evaluation complete            test_loss=1.3375096321105957
{'dataset_size': 70,
 'test_accuracy': 0.5575079917907715,
 'test_loss': 1.3375096321105957,
 'train_accuracy': 0.96875,
 'train_loss': 4.721935749053955,
 'val_accuracy': 0.4296875}
2021-10-09 19:35.26 [info     ] Start Predict                  dataset=59830
2021-10-09 19:36.01 [info     ] Starting training              dataset=80 epoch=100
2021-10-09 19:36.18 [info     ] Training complete              train_loss=4.812100887298584
2021-10-09 19:36.18 [info     ] Starting evaluating            dataset=10000
2021-10-09 19:36.24 [info     ] Evaluation complete            test_loss=1.2946689128875732
{'dataset_size': 80,
 'test_accuracy': 0.568989634513855,
 'test_loss': 1.2946689128875732,
 'train_accuracy': 0.9166666865348816,
 'train_loss': 4.812100887298584,
 'val_accuracy': 0.3671875}
2021-10-09 19:36.24 [info     ] Start Predict                  dataset=59820
2021-10-09 19:37.02 [info     ] Starting training              dataset=90 epoch=100
2021-10-09 19:37.20 [info     ] Training complete              train_loss=4.620988368988037
2021-10-09 19:37.20 [info     ] Starting evaluating            dataset=10000
2021-10-09 19:37.26 [info     ] Evaluation complete            test_loss=1.2892879247665405
{'dataset_size': 90,
 'test_accuracy': 0.5700878500938416,
 'test_loss': 1.2892879247665405,
 'train_accuracy': 0.9326923489570618,
 'train_loss': 4.620988368988037,
 'val_accuracy': 0.375}
2021-10-09 19:37.26 [info     ] Start Predict                  dataset=59810
2021-10-09 19:38.01 [info     ] Starting training              dataset=100 epoch=100
2021-10-09 19:38.18 [info     ] Training complete              train_loss=4.292209625244141
2021-10-09 19:38.18 [info     ] Starting evaluating            dataset=10000
2021-10-09 19:38.24 [info     ] Evaluation complete            test_loss=1.3207526206970215
{'dataset_size': 100,
 'test_accuracy': 0.563398540019989,
 'test_loss': 1.3207526206970215,
 'train_accuracy': 0.7890625,
 'train_loss': 4.292209625244141,
 'val_accuracy': 0.4140625}
2021-10-09 19:38.24 [info     ] Start Predict                  dataset=59800
2021-10-09 19:39.02 [info     ] Starting training              dataset=110 epoch=100
2021-10-09 19:39.19 [info     ] Training complete              train_loss=4.089428901672363
2021-10-09 19:39.19 [info     ] Starting evaluating            dataset=10000
2021-10-09 19:39.25 [info     ] Evaluation complete            test_loss=1.237056016921997
{'dataset_size': 110,
 'test_accuracy': 0.5704872012138367,
 'test_loss': 1.237056016921997,
 'train_accuracy': 0.9330357313156128,
 'train_loss': 4.089428901672363,
 'val_accuracy': 0.4296875}
2021-10-09 19:39.25 [info     ] Start Predict                  dataset=59790
2021-10-09 19:40.03 [info     ] Starting training              dataset=120 epoch=100
2021-10-09 19:40.24 [info     ] Training complete              train_loss=3.409879207611084
2021-10-09 19:40.24 [info     ] Starting evaluating            dataset=10000
2021-10-09 19:40.30 [info     ] Evaluation complete            test_loss=1.258071780204773
{'dataset_size': 120,
 'test_accuracy': 0.5831669569015503,
 'test_loss': 1.258071780204773,
 'train_accuracy': 0.9583333730697632,
 'train_loss': 3.409879207611084,
 'val_accuracy': 0.375}
2021-10-09 19:40.30 [info     ] Start Predict                  dataset=59780
2021-10-09 19:41.05 [info     ] Starting training              dataset=130 epoch=100
2021-10-09 19:41.30 [info     ] Training complete              train_loss=2.7451508045196533
2021-10-09 19:41.30 [info     ] Starting evaluating            dataset=10000
2021-10-09 19:41.36 [info     ] Evaluation complete            test_loss=1.21193528175354
{'dataset_size': 130,
 'test_accuracy': 0.5770766735076904,
 'test_loss': 1.21193528175354,
 'train_accuracy': 0.831250011920929,
 'train_loss': 2.7451508045196533,
 'val_accuracy': 0.4296875}
2021-10-09 19:41.36 [info     ] Start Predict                  dataset=59770
2021-10-09 19:42.11 [info     ] Starting training              dataset=140 epoch=100
2021-10-09 19:42.30 [info     ] Training complete              train_loss=3.3137497901916504
2021-10-09 19:42.30 [info     ] Starting evaluating            dataset=10000
2021-10-09 19:42.36 [info     ] Evaluation complete            test_loss=1.1294018030166626
{'dataset_size': 140,
 'test_accuracy': 0.6228035092353821,
 'test_loss': 1.1294018030166626,
 'train_accuracy': 0.8916667103767395,
 'train_loss': 3.3137497901916504,
 'val_accuracy': 0.390625}
2021-10-09 19:42.36 [info     ] Start Predict                  dataset=59760
2021-10-09 19:43.13 [info     ] Starting training              dataset=150 epoch=100
2021-10-09 19:43.36 [info     ] Training complete              train_loss=2.715367078781128
2021-10-09 19:43.36 [info     ] Starting evaluating            dataset=10000
2021-10-09 19:43.42 [info     ] Evaluation complete            test_loss=1.0455487966537476
{'dataset_size': 150,
 'test_accuracy': 0.644069492816925,
 'test_loss': 1.0455487966537476,
 'train_accuracy': 0.9414772987365723,
 'train_loss': 2.715367078781128,
 'val_accuracy': 0.546875}
2021-10-09 19:43.42 [info     ] Start Predict                  dataset=59750
2021-10-09 19:44.16 [info     ] Starting training              dataset=160 epoch=100
2021-10-09 19:44.34 [info     ] Training complete              train_loss=3.5343546867370605
2021-10-09 19:44.34 [info     ] Starting evaluating            dataset=10000
2021-10-09 19:44.40 [info     ] Evaluation complete            test_loss=1.184471845626831
{'dataset_size': 160,
 'test_accuracy': 0.6006389856338501,
 'test_loss': 1.184471845626831,
 'train_accuracy': 0.856249988079071,
 'train_loss': 3.5343546867370605,
 'val_accuracy': 0.4609375}
2021-10-09 19:44.40 [info     ] Start Predict                  dataset=59740
2021-10-09 19:45.15 [info     ] Starting training              dataset=170 epoch=100
2021-10-09 19:45.34 [info     ] Training complete              train_loss=2.8621957302093506
2021-10-09 19:45.34 [info     ] Starting evaluating            dataset=10000
2021-10-09 19:45.40 [info     ] Evaluation complete            test_loss=1.1433385610580444
{'dataset_size': 170,
 'test_accuracy': 0.6044328808784485,
 'test_loss': 1.1433385610580444,
 'train_accuracy': 0.8697916865348816,
 'train_loss': 2.8621957302093506,
 'val_accuracy': 0.515625}
2021-10-09 19:45.40 [info     ] Start Predict                  dataset=59730
2021-10-09 19:46.15 [info     ] Starting training              dataset=180 epoch=100
2021-10-09 19:46.45 [info     ] Training complete              train_loss=1.8211731910705566
2021-10-09 19:46.45 [info     ] Starting evaluating            dataset=10000
2021-10-09 19:46.51 [info     ] Evaluation complete            test_loss=1.0900174379348755
{'dataset_size': 180,
 'test_accuracy': 0.6405750513076782,
 'test_loss': 1.0900174379348755,
 'train_accuracy': 0.918749988079071,
 'train_loss': 1.8211731910705566,
 'val_accuracy': 0.515625}
2021-10-09 19:46.51 [info     ] Start Predict                  dataset=59720
2021-10-09 19:47.25 [info     ] Starting training              dataset=190 epoch=100
2021-10-09 19:47.47 [info     ] Training complete              train_loss=2.3510971069335938
2021-10-09 19:47.47 [info     ] Starting evaluating            dataset=10000
2021-10-09 19:47.54 [info     ] Evaluation complete            test_loss=1.0349701642990112
{'dataset_size': 190,
 'test_accuracy': 0.637180507183075,
 'test_loss': 1.0349701642990112,
 'train_accuracy': 0.8840277791023254,
 'train_loss': 2.3510971069335938,
 'val_accuracy': 0.4609375}
2021-10-09 19:47.54 [info     ] Start Predict                  dataset=59710
2021-10-09 19:48.29 [info     ] Starting training              dataset=200 epoch=100
2021-10-09 19:48.49 [info     ] Training complete              train_loss=2.4190001487731934
2021-10-09 19:48.49 [info     ] Starting evaluating            dataset=10000
2021-10-09 19:48.55 [info     ] Evaluation complete            test_loss=0.9800783395767212
{'dataset_size': 200,
 'test_accuracy': 0.6608426570892334,
 'test_loss': 0.9800783395767212,
 'train_accuracy': 0.8526785969734192,
 'train_loss': 2.4190001487731934,
 'val_accuracy': 0.4453125}
2021-10-09 19:48.55 [info     ] Start Predict                  dataset=59700
2021-10-09 19:49.29 [info     ] Starting training              dataset=210 epoch=100
2021-10-09 19:49.47 [info     ] Training complete              train_loss=2.703460931777954
2021-10-09 19:49.47 [info     ] Starting evaluating            dataset=10000
2021-10-09 19:49.53 [info     ] Evaluation complete            test_loss=1.0452768802642822
{'dataset_size': 210,
 'test_accuracy': 0.6582468152046204,
 'test_loss': 1.0452768802642822,
 'train_accuracy': 0.8377975821495056,
 'train_loss': 2.703460931777954,
 'val_accuracy': 0.5}
2021-10-09 19:49.53 [info     ] Start Predict                  dataset=59690
2021-10-09 19:50.27 [info     ] Starting training              dataset=220 epoch=100
2021-10-09 19:50.46 [info     ] Training complete              train_loss=2.501110792160034
2021-10-09 19:50.46 [info     ] Starting evaluating            dataset=10000
2021-10-09 19:50.53 [info     ] Evaluation complete            test_loss=1.0191867351531982
{'dataset_size': 220,
 'test_accuracy': 0.6630391478538513,
 'test_loss': 1.0191867351531982,
 'train_accuracy': 0.8820152878761292,
 'train_loss': 2.501110792160034,
 'val_accuracy': 0.484375}
2021-10-09 19:50.53 [info     ] Start Predict                  dataset=59680
2021-10-09 19:51.30 [info     ] Starting training              dataset=230 epoch=100
2021-10-09 19:51.51 [info     ] Training complete              train_loss=2.055406332015991
2021-10-09 19:51.51 [info     ] Starting evaluating            dataset=10000
2021-10-09 19:51.58 [info     ] Evaluation complete            test_loss=1.0266324281692505
{'dataset_size': 230,
 'test_accuracy': 0.6555511355400085,
 'test_loss': 1.0266324281692505,
 'train_accuracy': 0.8658854365348816,
 'train_loss': 2.055406332015991,
 'val_accuracy': 0.5703125}
2021-10-09 19:51.58 [info     ] Start Predict                  dataset=59670
2021-10-09 19:52.32 [info     ] Starting training              dataset=240 epoch=100
2021-10-09 19:52.52 [info     ] Training complete              train_loss=2.255174398422241
2021-10-09 19:52.52 [info     ] Starting evaluating            dataset=10000
2021-10-09 19:52.58 [info     ] Evaluation complete            test_loss=0.9957902431488037
{'dataset_size': 240,
 'test_accuracy': 0.6608426570892334,
 'test_loss': 0.9957902431488037,
 'train_accuracy': 0.88671875,
 'train_loss': 2.255174398422241,
 'val_accuracy': 0.53125}
2021-10-09 19:52.58 [info     ] Start Predict                  dataset=59660
2021-10-09 19:53.33 [info     ] Starting training              dataset=250 epoch=100
2021-10-09 19:53.51 [info     ] Training complete              train_loss=2.401219367980957
2021-10-09 19:53.51 [info     ] Starting evaluating            dataset=10000
2021-10-09 19:53.57 [info     ] Evaluation complete            test_loss=1.015628457069397
{'dataset_size': 250,
 'test_accuracy': 0.6632388234138489,
 'test_loss': 1.015628457069397,
 'train_accuracy': 0.8332331776618958,
 'train_loss': 2.401219367980957,
 'val_accuracy': 0.4765625}
2021-10-09 19:53.57 [info     ] Start Predict                  dataset=59650
2021-10-09 19:54.32 [info     ] Starting training              dataset=260 epoch=100
2021-10-09 19:54.50 [info     ] Training complete              train_loss=2.268829584121704
2021-10-09 19:54.50 [info     ] Starting evaluating            dataset=10000
2021-10-09 19:54.56 [info     ] Evaluation complete            test_loss=1.0014183521270752
{'dataset_size': 260,
 'test_accuracy': 0.6759185194969177,
 'test_loss': 1.0014183521270752,
 'train_accuracy': 0.8611111044883728,
 'train_loss': 2.268829584121704,
 'val_accuracy': 0.53125}
2021-10-09 19:54.56 [info     ] Start Predict                  dataset=59640
2021-10-09 19:55.30 [info     ] Starting training              dataset=270 epoch=100
2021-10-09 19:55.50 [info     ] Training complete              train_loss=2.208009958267212
2021-10-09 19:55.50 [info     ] Starting evaluating            dataset=10000
2021-10-09 19:55.56 [info     ] Evaluation complete            test_loss=0.9729843139648438
{'dataset_size': 270,
 'test_accuracy': 0.6797124743461609,
 'test_loss': 0.9729843139648438,
 'train_accuracy': 0.8645833134651184,
 'train_loss': 2.208009958267212,
 'val_accuracy': 0.515625}
2021-10-09 19:55.56 [info     ] Start Predict                  dataset=59630
2021-10-09 19:56.31 [info     ] Starting training              dataset=280 epoch=100
2021-10-09 19:56.45 [info     ] Training complete              train_loss=3.0316450595855713
2021-10-09 19:56.45 [info     ] Starting evaluating            dataset=10000
2021-10-09 19:56.51 [info     ] Evaluation complete            test_loss=1.121027946472168
{'dataset_size': 280,
 'test_accuracy': 0.6594448685646057,
 'test_loss': 1.121027946472168,
 'train_accuracy': 0.7650463581085205,
 'train_loss': 3.0316450595855713,
 'val_accuracy': 0.5703125}
2021-10-09 19:56.52 [info     ] Start Predict                  dataset=59620
2021-10-09 19:57.27 [info     ] Starting training              dataset=290 epoch=100
2021-10-09 19:57.44 [info     ] Training complete              train_loss=2.379826545715332
2021-10-09 19:57.44 [info     ] Starting evaluating            dataset=10000
2021-10-09 19:57.51 [info     ] Evaluation complete            test_loss=1.0054510831832886
{'dataset_size': 290,
 'test_accuracy': 0.689197301864624,
 'test_loss': 1.0054510831832886,
 'train_accuracy': 0.78125,
 'train_loss': 2.379826545715332,
 'val_accuracy': 0.4453125}
2021-10-09 19:57.51 [info     ] Start Predict                  dataset=59610
2021-10-09 19:58.28 [info     ] Starting training              dataset=300 epoch=100
2021-10-09 19:58.51 [info     ] Training complete              train_loss=1.695106863975525
2021-10-09 19:58.51 [info     ] Starting evaluating            dataset=10000
2021-10-09 19:58.57 [info     ] Evaluation complete            test_loss=0.9740729331970215
{'dataset_size': 300,
 'test_accuracy': 0.6698282957077026,
 'test_loss': 0.9740729331970215,
 'train_accuracy': 0.8447917103767395,
 'train_loss': 1.695106863975525,
 'val_accuracy': 0.578125}
2021-10-09 19:58.57 [info     ] Start Predict                  dataset=59600
2021-10-09 19:59.31 [info     ] Starting training              dataset=310 epoch=100
2021-10-09 19:59.57 [info     ] Training complete              train_loss=1.3899259567260742
2021-10-09 19:59.57 [info     ] Starting evaluating            dataset=10000
2021-10-09 20:00.03 [info     ] Evaluation complete            test_loss=0.8924478888511658
{'dataset_size': 310,
 'test_accuracy': 0.6872004866600037,
 'test_loss': 0.8924478888511658,
 'train_accuracy': 0.8556817770004272,
 'train_loss': 1.3899259567260742,
 'val_accuracy': 0.46875}
2021-10-09 20:00.03 [info     ] Start Predict                  dataset=59590
2021-10-09 20:00.40 [info     ] Starting training              dataset=320 epoch=100
2021-10-09 20:01.02 [info     ] Training complete              train_loss=1.7421057224273682
2021-10-09 20:01.02 [info     ] Starting evaluating            dataset=10000
2021-10-09 20:01.08 [info     ] Evaluation complete            test_loss=0.8942306637763977
{'dataset_size': 320,
 'test_accuracy': 0.7020766735076904,
 'test_loss': 0.8942306637763977,
 'train_accuracy': 0.8531249761581421,
 'train_loss': 1.7421057224273682,
 'val_accuracy': 0.546875}
2021-10-09 20:01.08 [info     ] Start Predict                  dataset=59580
2021-10-09 20:01.42 [info     ] Starting training              dataset=330 epoch=100
2021-10-09 20:01.58 [info     ] Training complete              train_loss=2.3081328868865967
2021-10-09 20:01.58 [info     ] Starting evaluating            dataset=10000
2021-10-09 20:02.04 [info     ] Evaluation complete            test_loss=1.0399813652038574
{'dataset_size': 330,
 'test_accuracy': 0.6672324538230896,
 'test_loss': 1.0399813652038574,
 'train_accuracy': 0.7880681753158569,
 'train_loss': 2.3081328868865967,
 'val_accuracy': 0.53125}
2021-10-09 20:02.04 [info     ] Start Predict                  dataset=59570
2021-10-09 20:02.41 [info     ] Starting training              dataset=340 epoch=100
2021-10-09 20:02.58 [info     ] Training complete              train_loss=2.1066701412200928
2021-10-09 20:02.58 [info     ] Starting evaluating            dataset=10000
2021-10-09 20:03.04 [info     ] Evaluation complete            test_loss=0.935385525226593
{'dataset_size': 340,
 'test_accuracy': 0.7044728398323059,
 'test_loss': 0.935385525226593,
 'train_accuracy': 0.7869318127632141,
 'train_loss': 2.1066701412200928,
 'val_accuracy': 0.484375}
2021-10-09 20:03.04 [info     ] Start Predict                  dataset=59560
2021-10-09 20:03.38 [info     ] Starting training              dataset=350 epoch=100
2021-10-09 20:03.58 [info     ] Training complete              train_loss=1.853102445602417
2021-10-09 20:03.58 [info     ] Starting evaluating            dataset=10000
2021-10-09 20:04.04 [info     ] Evaluation complete            test_loss=0.9574037790298462
{'dataset_size': 350,
 'test_accuracy': 0.6808106899261475,
 'test_loss': 0.9574037790298462,
 'train_accuracy': 0.8316287994384766,
 'train_loss': 1.853102445602417,
 'val_accuracy': 0.5390625}
2021-10-09 20:04.04 [info     ] Start Predict                  dataset=59550
2021-10-09 20:04.41 [info     ] Starting training              dataset=360 epoch=100
2021-10-09 20:05.00 [info     ] Training complete              train_loss=1.8265126943588257
2021-10-09 20:05.00 [info     ] Starting evaluating            dataset=10000
2021-10-09 20:05.06 [info     ] Evaluation complete            test_loss=0.9325160980224609
{'dataset_size': 360,
 'test_accuracy': 0.6977835297584534,
 'test_loss': 0.9325160980224609,
 'train_accuracy': 0.8333333134651184,
 'train_loss': 1.8265126943588257,
 'val_accuracy': 0.6171875}
2021-10-09 20:05.06 [info     ] Start Predict                  dataset=59540
2021-10-09 20:05.44 [info     ] Starting training              dataset=370 epoch=100
2021-10-09 20:06.06 [info     ] Training complete              train_loss=1.4542831182479858
2021-10-09 20:06.06 [info     ] Starting evaluating            dataset=10000
2021-10-09 20:06.13 [info     ] Evaluation complete            test_loss=0.8825075030326843
{'dataset_size': 370,
 'test_accuracy': 0.7105631232261658,
 'test_loss': 0.8825075030326843,
 'train_accuracy': 0.8272569179534912,
 'train_loss': 1.4542831182479858,
 'val_accuracy': 0.46875}
2021-10-09 20:06.13 [info     ] Start Predict                  dataset=59530
2021-10-09 20:06.47 [info     ] Starting training              dataset=380 epoch=100
2021-10-09 20:07.09 [info     ] Training complete              train_loss=1.451685905456543
2021-10-09 20:07.09 [info     ] Starting evaluating            dataset=10000
2021-10-09 20:07.15 [info     ] Evaluation complete            test_loss=0.885826826095581
{'dataset_size': 380,
 'test_accuracy': 0.7090654969215393,
 'test_loss': 0.885826826095581,
 'train_accuracy': 0.8132440447807312,
 'train_loss': 1.451685905456543,
 'val_accuracy': 0.4765625}
2021-10-09 20:07.15 [info     ] Start Predict                  dataset=59520
2021-10-09 20:07.50 [info     ] Starting training              dataset=390 epoch=100
2021-10-09 20:08.09 [info     ] Training complete              train_loss=1.603021502494812
2021-10-09 20:08.09 [info     ] Starting evaluating            dataset=10000
2021-10-09 20:08.15 [info     ] Evaluation complete            test_loss=0.9690056443214417
{'dataset_size': 390,
 'test_accuracy': 0.6832068562507629,
 'test_loss': 0.9690056443214417,
 'train_accuracy': 0.8341346383094788,
 'train_loss': 1.603021502494812,
 'val_accuracy': 0.4375}
2021-10-09 20:08.15 [info     ] Start Predict                  dataset=59510
2021-10-09 20:08.53 [info     ] Starting training              dataset=400 epoch=100
2021-10-09 20:09.14 [info     ] Training complete              train_loss=1.3362854719161987
2021-10-09 20:09.14 [info     ] Starting evaluating            dataset=10000
2021-10-09 20:09.20 [info     ] Evaluation complete            test_loss=0.8956973552703857
{'dataset_size': 400,
 'test_accuracy': 0.697484016418457,
 'test_loss': 0.8956973552703857,
 'train_accuracy': 0.8557692170143127,
 'train_loss': 1.3362854719161987,
 'val_accuracy': 0.515625}
2021-10-09 20:09.20 [info     ] Start Predict                  dataset=59500
2021-10-09 20:09.55 [info     ] Starting training              dataset=410 epoch=100
2021-10-09 20:10.17 [info     ] Training complete              train_loss=1.3099108934402466
2021-10-09 20:10.17 [info     ] Starting evaluating            dataset=10000
2021-10-09 20:10.24 [info     ] Evaluation complete            test_loss=0.9227179884910583
{'dataset_size': 410,
 'test_accuracy': 0.6882987022399902,
 'test_loss': 0.9227179884910583,
 'train_accuracy': 0.8302514553070068,
 'train_loss': 1.3099108934402466,
 'val_accuracy': 0.5234375}
2021-10-09 20:10.24 [info     ] Start Predict                  dataset=59490
2021-10-09 20:11.00 [info     ] Starting training              dataset=420 epoch=100
2021-10-09 20:11.30 [info     ] Training complete              train_loss=1.0039088726043701
2021-10-09 20:11.30 [info     ] Starting evaluating            dataset=10000
2021-10-09 20:11.36 [info     ] Evaluation complete            test_loss=0.8996215462684631
{'dataset_size': 420,
 'test_accuracy': 0.7046725153923035,
 'test_loss': 0.8996215462684631,
 'train_accuracy': 0.8080357313156128,
 'train_loss': 1.0039088726043701,
 'val_accuracy': 0.546875}
2021-10-09 20:11.36 [info     ] Start Predict                  dataset=59480
2021-10-09 20:12.13 [info     ] Starting training              dataset=430 epoch=100
2021-10-09 20:12.35 [info     ] Training complete              train_loss=1.3356000185012817
2021-10-09 20:12.35 [info     ] Starting evaluating            dataset=10000
2021-10-09 20:12.41 [info     ] Evaluation complete            test_loss=0.9163389205932617
{'dataset_size': 430,
 'test_accuracy': 0.701377809047699,
 'test_loss': 0.9163389205932617,
 'train_accuracy': 0.7898597121238708,
 'train_loss': 1.3356000185012817,
 'val_accuracy': 0.5234375}
2021-10-09 20:12.41 [info     ] Start Predict                  dataset=59470
2021-10-09 20:13.16 [info     ] Starting training              dataset=440 epoch=100
2021-10-09 20:13.40 [info     ] Training complete              train_loss=1.1309400796890259
2021-10-09 20:13.40 [info     ] Starting evaluating            dataset=10000
2021-10-09 20:13.46 [info     ] Evaluation complete            test_loss=0.8795484900474548
{'dataset_size': 440,
 'test_accuracy': 0.7193490266799927,
 'test_loss': 0.8795484900474548,
 'train_accuracy': 0.84375,
 'train_loss': 1.1309400796890259,
 'val_accuracy': 0.546875}
2021-10-09 20:13.46 [info     ] Start Predict                  dataset=59460
2021-10-09 20:14.20 [info     ] Starting training              dataset=450 epoch=100
2021-10-09 20:14.50 [info     ] Training complete              train_loss=0.9634994268417358
2021-10-09 20:14.50 [info     ] Starting evaluating            dataset=10000
2021-10-09 20:14.57 [info     ] Evaluation complete            test_loss=0.8563870191574097
{'dataset_size': 450,
 'test_accuracy': 0.707068681716919,
 'test_loss': 0.8563870191574097,
 'train_accuracy': 0.8166666626930237,
 'train_loss': 0.9634994268417358,
 'val_accuracy': 0.53125}
2021-10-09 20:14.57 [info     ] Start Predict                  dataset=59450
2021-10-09 20:15.31 [info     ] Starting training              dataset=460 epoch=100
2021-10-09 20:15.55 [info     ] Training complete              train_loss=1.1418805122375488
2021-10-09 20:15.55 [info     ] Starting evaluating            dataset=10000
2021-10-09 20:16.01 [info     ] Evaluation complete            test_loss=0.8579276204109192
{'dataset_size': 460,
 'test_accuracy': 0.7202476263046265,
 'test_loss': 0.8579276204109192,
 'train_accuracy': 0.7840277552604675,
 'train_loss': 1.1418805122375488,
 'val_accuracy': 0.4375}
2021-10-09 20:16.01 [info     ] Start Predict                  dataset=59440
2021-10-09 20:16.35 [info     ] Starting training              dataset=470 epoch=100
2021-10-09 20:17.00 [info     ] Training complete              train_loss=1.1378358602523804
2021-10-09 20:17.00 [info     ] Starting evaluating            dataset=10000
2021-10-09 20:17.06 [info     ] Evaluation complete            test_loss=0.8980733156204224
{'dataset_size': 470,
 'test_accuracy': 0.7107627987861633,
 'test_loss': 0.8980733156204224,
 'train_accuracy': 0.8070076107978821,
 'train_loss': 1.1378358602523804,
 'val_accuracy': 0.4765625}
2021-10-09 20:17.06 [info     ] Start Predict                  dataset=59430
2021-10-09 20:17.44 [info     ] Starting training              dataset=480 epoch=100
2021-10-09 20:18.02 [info     ] Training complete              train_loss=1.4730008840560913
2021-10-09 20:18.02 [info     ] Starting evaluating            dataset=10000
2021-10-09 20:18.08 [info     ] Evaluation complete            test_loss=0.9025043249130249
{'dataset_size': 480,
 'test_accuracy': 0.7165535092353821,
 'test_loss': 0.9025043249130249,
 'train_accuracy': 0.7729166746139526,
 'train_loss': 1.4730008840560913,
 'val_accuracy': 0.515625}
2021-10-09 20:18.08 [info     ] Start Predict                  dataset=59420
2021-10-09 20:18.43 [info     ] Starting training              dataset=490 epoch=100
2021-10-09 20:18.55 [info     ] Training complete              train_loss=2.223175525665283
2021-10-09 20:18.55 [info     ] Starting evaluating            dataset=10000
2021-10-09 20:19.01 [info     ] Evaluation complete            test_loss=1.0759556293487549
{'dataset_size': 490,
 'test_accuracy': 0.6888977885246277,
 'test_loss': 1.0759556293487549,
 'train_accuracy': 0.731640636920929,
 'train_loss': 2.223175525665283,
 'val_accuracy': 0.4765625}
2021-10-09 20:19.01 [info     ] Start Predict                  dataset=59410
2021-10-09 20:19.36 [info     ] Starting training              dataset=500 epoch=100
2021-10-09 20:20.09 [info     ] Training complete              train_loss=1.020536184310913
2021-10-09 20:20.09 [info     ] Starting evaluating            dataset=10000
2021-10-09 20:20.15 [info     ] Evaluation complete            test_loss=0.7922775149345398
{'dataset_size': 500,
 'test_accuracy': 0.7401158213615417,
 'test_loss': 0.7922775149345398,
 'train_accuracy': 0.759765625,
 'train_loss': 1.020536184310913,
 'val_accuracy': 0.46875}
2021-10-09 20:20.15 [info     ] Start Predict                  dataset=59400
2021-10-09 20:20.50 [info     ] Starting training              dataset=510 epoch=100
2021-10-09 20:21.23 [info     ] Training complete              train_loss=0.8860071897506714
2021-10-09 20:21.23 [info     ] Starting evaluating            dataset=10000
2021-10-09 20:21.29 [info     ] Evaluation complete            test_loss=0.8457015752792358
{'dataset_size': 510,
 'test_accuracy': 0.7243410348892212,
 'test_loss': 0.8457015752792358,
 'train_accuracy': 0.803906261920929,
 'train_loss': 0.8860071897506714,
 'val_accuracy': 0.5859375}
2021-10-09 20:21.29 [info     ] Start Predict                  dataset=59390
2021-10-09 20:22.06 [info     ] Starting training              dataset=520 epoch=100
2021-10-09 20:22.35 [info     ] Training complete              train_loss=0.9712557792663574
2021-10-09 20:22.35 [info     ] Starting evaluating            dataset=10000
2021-10-09 20:22.41 [info     ] Evaluation complete            test_loss=0.7146249413490295
{'dataset_size': 520,
 'test_accuracy': 0.7494009733200073,
 'test_loss': 0.7146249413490295,
 'train_accuracy': 0.7738970518112183,
 'train_loss': 0.9712557792663574,
 'val_accuracy': 0.546875}
2021-10-09 20:22.41 [info     ] Start Predict                  dataset=59380
2021-10-09 20:23.15 [info     ] Starting training              dataset=530 epoch=100
2021-10-09 20:23.39 [info     ] Training complete              train_loss=1.1783405542373657
2021-10-09 20:23.39 [info     ] Starting evaluating            dataset=10000
2021-10-09 20:23.45 [info     ] Evaluation complete            test_loss=0.8066173195838928
{'dataset_size': 530,
 'test_accuracy': 0.7317292094230652,
 'test_loss': 0.8066173195838928,
 'train_accuracy': 0.7634804248809814,
 'train_loss': 1.1783405542373657,
 'val_accuracy': 0.484375}
2021-10-09 20:23.45 [info     ] Start Predict                  dataset=59370
2021-10-09 20:24.22 [info     ] Starting training              dataset=540 epoch=100
2021-10-09 20:24.46 [info     ] Training complete              train_loss=1.2119611501693726
2021-10-09 20:24.46 [info     ] Starting evaluating            dataset=10000
2021-10-09 20:24.52 [info     ] Evaluation complete            test_loss=0.7840785980224609
{'dataset_size': 540,
 'test_accuracy': 0.7345247864723206,
 'test_loss': 0.7840785980224609,
 'train_accuracy': 0.7429096698760986,
 'train_loss': 1.2119611501693726,
 'val_accuracy': 0.5703125}
2021-10-09 20:24.52 [info     ] Start Predict                  dataset=59360
2021-10-09 20:25.29 [info     ] Starting training              dataset=550 epoch=100
2021-10-09 20:25.50 [info     ] Training complete              train_loss=1.1328195333480835
2021-10-09 20:25.50 [info     ] Starting evaluating            dataset=10000
2021-10-09 20:25.56 [info     ] Evaluation complete            test_loss=0.7900205254554749
{'dataset_size': 550,
 'test_accuracy': 0.7316293716430664,
 'test_loss': 0.7900205254554749,
 'train_accuracy': 0.8020833134651184,
 'train_loss': 1.1328195333480835,
 'val_accuracy': 0.5234375}
2021-10-09 20:25.56 [info     ] Start Predict                  dataset=59350
2021-10-09 20:26.33 [info     ] Starting training              dataset=560 epoch=100
2021-10-09 20:27.05 [info     ] Training complete              train_loss=0.9023196697235107
2021-10-09 20:27.05 [info     ] Starting evaluating            dataset=10000
2021-10-09 20:27.11 [info     ] Evaluation complete            test_loss=0.6766618490219116
{'dataset_size': 560,
 'test_accuracy': 0.7625798583030701,
 'test_loss': 0.6766618490219116,
 'train_accuracy': 0.8090277910232544,
 'train_loss': 0.9023196697235107,
 'val_accuracy': 0.640625}
2021-10-09 20:27.11 [info     ] Start Predict                  dataset=59340
2021-10-09 20:27.45 [info     ] Starting training              dataset=570 epoch=100
2021-10-09 20:28.12 [info     ] Training complete              train_loss=1.0050206184387207
2021-10-09 20:28.12 [info     ] Starting evaluating            dataset=10000
2021-10-09 20:28.18 [info     ] Evaluation complete            test_loss=0.7045535445213318
{'dataset_size': 570,
 'test_accuracy': 0.7411141991615295,
 'test_loss': 0.7045535445213318,
 'train_accuracy': 0.7823183536529541,
 'train_loss': 1.0050206184387207,
 'val_accuracy': 0.640625}
2021-10-09 20:28.18 [info     ] Start Predict                  dataset=59330
2021-10-09 20:28.53 [info     ] Starting training              dataset=580 epoch=100
2021-10-09 20:29.27 [info     ] Training complete              train_loss=1.0640000104904175
2021-10-09 20:29.27 [info     ] Starting evaluating            dataset=10000
2021-10-09 20:29.33 [info     ] Evaluation complete            test_loss=0.6315274238586426
{'dataset_size': 580,
 'test_accuracy': 0.7775558829307556,
 'test_loss': 0.6315274238586426,
 'train_accuracy': 0.7598684430122375,
 'train_loss': 1.0640000104904175,
 'val_accuracy': 0.609375}
2021-10-09 20:29.33 [info     ] Start Predict                  dataset=59320
2021-10-09 20:30.10 [info     ] Starting training              dataset=590 epoch=100
2021-10-09 20:30.24 [info     ] Training complete              train_loss=1.8117282390594482
2021-10-09 20:30.24 [info     ] Starting evaluating            dataset=10000
2021-10-09 20:30.29 [info     ] Evaluation complete            test_loss=0.8869472742080688
{'dataset_size': 590,
 'test_accuracy': 0.7128594517707825,
 'test_loss': 0.8869472742080688,
 'train_accuracy': 0.7309680581092834,
 'train_loss': 1.8117282390594482,
 'val_accuracy': 0.5859375}
2021-10-09 20:30.30 [info     ] Start Predict                  dataset=59310
2021-10-09 20:31.05 [info     ] Starting training              dataset=600 epoch=100
2021-10-09 20:31.36 [info     ] Training complete              train_loss=0.9839514493942261
2021-10-09 20:31.36 [info     ] Starting evaluating            dataset=10000
2021-10-09 20:31.42 [info     ] Evaluation complete            test_loss=0.6726629734039307
{'dataset_size': 600,
 'test_accuracy': 0.7536941170692444,
 'test_loss': 0.6726629734039307,
 'train_accuracy': 0.796600878238678,
 'train_loss': 0.9839514493942261,
 'val_accuracy': 0.65625}
2021-10-09 20:31.42 [info     ] Start Predict                  dataset=59300
2021-10-09 20:32.16 [info     ] Starting training              dataset=610 epoch=100
2021-10-09 20:32.43 [info     ] Training complete              train_loss=1.1411746740341187
2021-10-09 20:32.43 [info     ] Starting evaluating            dataset=10000
2021-10-09 20:32.50 [info     ] Evaluation complete            test_loss=0.6650092005729675
{'dataset_size': 610,
 'test_accuracy': 0.7665734887123108,
 'test_loss': 0.6650092005729675,
 'train_accuracy': 0.703125,
 'train_loss': 1.1411746740341187,
 'val_accuracy': 0.640625}
2021-10-09 20:32.50 [info     ] Start Predict                  dataset=59290
2021-10-09 20:33.24 [info     ] Starting training              dataset=620 epoch=100
2021-10-09 20:33.43 [info     ] Training complete              train_loss=1.2273757457733154
2021-10-09 20:33.43 [info     ] Starting evaluating            dataset=10000
2021-10-09 20:33.49 [info     ] Evaluation complete            test_loss=0.7273291349411011
{'dataset_size': 620,
 'test_accuracy': 0.7419129610061646,
 'test_loss': 0.7273291349411011,
 'train_accuracy': 0.7755208611488342,
 'train_loss': 1.2273757457733154,
 'val_accuracy': 0.4921875}
2021-10-09 20:33.50 [info     ] Start Predict                  dataset=59280
2021-10-09 20:34.24 [info     ] Starting training              dataset=630 epoch=100
2021-10-09 20:34.54 [info     ] Training complete              train_loss=1.0619484186172485
2021-10-09 20:34.54 [info     ] Starting evaluating            dataset=10000
2021-10-09 20:35.00 [info     ] Evaluation complete            test_loss=0.6261979937553406
{'dataset_size': 630,
 'test_accuracy': 0.7691693305969238,
 'test_loss': 0.6261979937553406,
 'train_accuracy': 0.7480113506317139,
 'train_loss': 1.0619484186172485,
 'val_accuracy': 0.4765625}
2021-10-09 20:35.00 [info     ] Start Predict                  dataset=59270
2021-10-09 20:35.35 [info     ] Starting training              dataset=640 epoch=100
2021-10-09 20:36.03 [info     ] Training complete              train_loss=0.9993689656257629
2021-10-09 20:36.03 [info     ] Starting evaluating            dataset=10000
2021-10-09 20:36.10 [info     ] Evaluation complete            test_loss=0.6473292112350464
{'dataset_size': 640,
 'test_accuracy': 0.7706669569015503,
 'test_loss': 0.6473292112350464,
 'train_accuracy': 0.792187511920929,
 'train_loss': 0.9993689656257629,
 'val_accuracy': 0.59375}
2021-10-09 20:36.10 [info     ] Start Predict                  dataset=59260
2021-10-09 20:36.47 [info     ] Starting training              dataset=650 epoch=100
2021-10-09 20:37.18 [info     ] Training complete              train_loss=1.0081853866577148
2021-10-09 20:37.18 [info     ] Starting evaluating            dataset=10000
2021-10-09 20:37.24 [info     ] Evaluation complete            test_loss=0.6809303760528564
{'dataset_size': 650,
 'test_accuracy': 0.7511980533599854,
 'test_loss': 0.6809303760528564,
 'train_accuracy': 0.771726131439209,
 'train_loss': 1.0081853866577148,
 'val_accuracy': 0.625}
2021-10-09 20:37.24 [info     ] Start Predict                  dataset=59250
2021-10-09 20:37.59 [info     ] Starting training              dataset=660 epoch=100
2021-10-09 20:38.22 [info     ] Training complete              train_loss=1.0923606157302856
2021-10-09 20:38.22 [info     ] Starting evaluating            dataset=10000
2021-10-09 20:38.29 [info     ] Evaluation complete            test_loss=0.6499661803245544
{'dataset_size': 660,
 'test_accuracy': 0.7710663080215454,
 'test_loss': 0.6499661803245544,
 'train_accuracy': 0.7398809790611267,
 'train_loss': 1.0923606157302856,
 'val_accuracy': 0.53125}
2021-10-09 20:38.29 [info     ] Start Predict                  dataset=59240
2021-10-09 20:39.05 [info     ] Starting training              dataset=670 epoch=100
2021-10-09 20:39.30 [info     ] Training complete              train_loss=1.0568742752075195
2021-10-09 20:39.30 [info     ] Starting evaluating            dataset=10000
2021-10-09 20:39.36 [info     ] Evaluation complete            test_loss=0.6383518576622009
{'dataset_size': 670,
 'test_accuracy': 0.7611821293830872,
 'test_loss': 0.6383518576622009,
 'train_accuracy': 0.7639881372451782,
 'train_loss': 1.0568742752075195,
 'val_accuracy': 0.5625}
2021-10-09 20:39.36 [info     ] Start Predict                  dataset=59230
2021-10-09 20:40.13 [info     ] Starting training              dataset=680 epoch=100
2021-10-09 20:40.32 [info     ] Training complete              train_loss=1.221041202545166
2021-10-09 20:40.32 [info     ] Starting evaluating            dataset=10000
2021-10-09 20:40.38 [info     ] Evaluation complete            test_loss=0.704882025718689
{'dataset_size': 680,
 'test_accuracy': 0.759984016418457,
 'test_loss': 0.704882025718689,
 'train_accuracy': 0.7315340638160706,
 'train_loss': 1.221041202545166,
 'val_accuracy': 0.6953125}
2021-10-09 20:40.38 [info     ] Start Predict                  dataset=59220
2021-10-09 20:41.13 [info     ] Starting training              dataset=690 epoch=100
2021-10-09 20:41.29 [info     ] Training complete              train_loss=1.4447205066680908
2021-10-09 20:41.29 [info     ] Starting evaluating            dataset=10000
2021-10-09 20:41.35 [info     ] Evaluation complete            test_loss=0.7397245168685913
{'dataset_size': 690,
 'test_accuracy': 0.7422124743461609,
 'test_loss': 0.7397245168685913,
 'train_accuracy': 0.7110164165496826,
 'train_loss': 1.4447205066680908,
 'val_accuracy': 0.5625}
2021-10-09 20:41.35 [info     ] Start Predict                  dataset=59210
2021-10-09 20:42.09 [info     ] Starting training              dataset=700 epoch=100
2021-10-09 20:42.35 [info     ] Training complete              train_loss=0.9996665716171265
2021-10-09 20:42.35 [info     ] Starting evaluating            dataset=10000
2021-10-09 20:42.42 [info     ] Evaluation complete            test_loss=0.6373794078826904
{'dataset_size': 700,
 'test_accuracy': 0.772963285446167,
 'test_loss': 0.6373794078826904,
 'train_accuracy': 0.783076286315918,
 'train_loss': 0.9996665716171265,
 'val_accuracy': 0.6640625}
2021-10-09 20:42.42 [info     ] Start Predict                  dataset=59200
2021-10-09 20:43.19 [info     ] Starting training              dataset=710 epoch=100
2021-10-09 20:43.49 [info     ] Training complete              train_loss=1.0702338218688965
2021-10-09 20:43.49 [info     ] Starting evaluating            dataset=10000
2021-10-09 20:43.55 [info     ] Evaluation complete            test_loss=0.5902336239814758
{'dataset_size': 710,
 'test_accuracy': 0.7937300205230713,
 'test_loss': 0.5902336239814758,
 'train_accuracy': 0.7518115639686584,
 'train_loss': 1.0702338218688965,
 'val_accuracy': 0.71875}
2021-10-09 20:43.55 [info     ] Start Predict                  dataset=59190
2021-10-09 20:44.30 [info     ] Starting training              dataset=720 epoch=100
2021-10-09 20:44.56 [info     ] Training complete              train_loss=1.0206515789031982
2021-10-09 20:44.56 [info     ] Starting evaluating            dataset=10000
2021-10-09 20:45.03 [info     ] Evaluation complete            test_loss=0.6722142100334167
{'dataset_size': 720,
 'test_accuracy': 0.7691693305969238,
 'test_loss': 0.6722142100334167,
 'train_accuracy': 0.7676630616188049,
 'train_loss': 1.0206515789031982,
 'val_accuracy': 0.6015625}
2021-10-09 20:45.03 [info     ] Start Predict                  dataset=59180
2021-10-09 20:45.37 [info     ] Starting training              dataset=730 epoch=100
2021-10-09 20:46.08 [info     ] Training complete              train_loss=1.0782407522201538
2021-10-09 20:46.08 [info     ] Starting evaluating            dataset=10000
2021-10-09 20:46.14 [info     ] Evaluation complete            test_loss=0.5869084596633911
{'dataset_size': 730,
 'test_accuracy': 0.7872403860092163,
 'test_loss': 0.5869084596633911,
 'train_accuracy': 0.7763378024101257,
 'train_loss': 1.0782407522201538,
 'val_accuracy': 0.6953125}
2021-10-09 20:46.14 [info     ] Start Predict                  dataset=59170
2021-10-09 20:46.48 [info     ] Starting training              dataset=740 epoch=100
2021-10-09 20:47.12 [info     ] Training complete              train_loss=1.1111201047897339
2021-10-09 20:47.12 [info     ] Starting evaluating            dataset=10000
2021-10-09 20:47.19 [info     ] Evaluation complete            test_loss=0.6925140023231506
{'dataset_size': 740,
 'test_accuracy': 0.7629792094230652,
 'test_loss': 0.6925140023231506,
 'train_accuracy': 0.7421875,
 'train_loss': 1.1111201047897339,
 'val_accuracy': 0.6484375}
2021-10-09 20:47.19 [info     ] Start Predict                  dataset=59160
2021-10-09 20:47.56 [info     ] Starting training              dataset=750 epoch=100
2021-10-09 20:48.22 [info     ] Training complete              train_loss=1.1115974187850952
2021-10-09 20:48.22 [info     ] Starting evaluating            dataset=10000
2021-10-09 20:48.28 [info     ] Evaluation complete            test_loss=0.6889477968215942
{'dataset_size': 750,
 'test_accuracy': 0.7555910348892212,
 'test_loss': 0.6889477968215942,
 'train_accuracy': 0.7289807200431824,
 'train_loss': 1.1115974187850952,
 'val_accuracy': 0.671875}
2021-10-09 20:48.28 [info     ] Start Predict                  dataset=59150
2021-10-09 20:49.02 [info     ] Starting training              dataset=760 epoch=100
2021-10-09 20:49.38 [info     ] Training complete              train_loss=1.1968523263931274
2021-10-09 20:49.38 [info     ] Starting evaluating            dataset=10000
2021-10-09 20:49.44 [info     ] Evaluation complete            test_loss=0.5937616229057312
{'dataset_size': 760,
 'test_accuracy': 0.7778554558753967,
 'test_loss': 0.5937616229057312,
 'train_accuracy': 0.7309027314186096,
 'train_loss': 1.1968523263931274,
 'val_accuracy': 0.6640625}
2021-10-09 20:49.44 [info     ] Start Predict                  dataset=59140
2021-10-09 20:50.20 [info     ] Starting training              dataset=770 epoch=100
2021-10-09 20:50.49 [info     ] Training complete              train_loss=1.133113145828247
2021-10-09 20:50.49 [info     ] Starting evaluating            dataset=10000
2021-10-09 20:50.56 [info     ] Evaluation complete            test_loss=0.6249349117279053
{'dataset_size': 770,
 'test_accuracy': 0.7734624743461609,
 'test_loss': 0.6249349117279053,
 'train_accuracy': 0.737500011920929,
 'train_loss': 1.133113145828247,
 'val_accuracy': 0.640625}
2021-10-09 20:50.56 [info     ] Start Predict                  dataset=59130
2021-10-09 20:51.30 [info     ] Starting training              dataset=780 epoch=100
2021-10-09 20:51.59 [info     ] Training complete              train_loss=1.1071733236312866
2021-10-09 20:51.59 [info     ] Starting evaluating            dataset=10000
2021-10-09 20:52.05 [info     ] Evaluation complete            test_loss=0.6368243098258972
{'dataset_size': 780,
 'test_accuracy': 0.7699680328369141,
 'test_loss': 0.6368243098258972,
 'train_accuracy': 0.7404167056083679,
 'train_loss': 1.1071733236312866,
 'val_accuracy': 0.6015625}
2021-10-09 20:52.05 [info     ] Start Predict                  dataset=59120
2021-10-09 20:52.42 [info     ] Starting training              dataset=790 epoch=100
2021-10-09 20:53.16 [info     ] Training complete              train_loss=1.2227914333343506
2021-10-09 20:53.16 [info     ] Starting evaluating            dataset=10000
2021-10-09 20:53.23 [info     ] Evaluation complete            test_loss=0.6211697459220886
{'dataset_size': 790,
 'test_accuracy': 0.7768570184707642,
 'test_loss': 0.6211697459220886,
 'train_accuracy': 0.7130681872367859,
 'train_loss': 1.2227914333343506,
 'val_accuracy': 0.6328125}
2021-10-09 20:53.23 [info     ] Start Predict                  dataset=59110
2021-10-09 20:54.00 [info     ] Starting training              dataset=800 epoch=100
2021-10-09 20:54.19 [info     ] Training complete              train_loss=1.2514193058013916
2021-10-09 20:54.19 [info     ] Starting evaluating            dataset=10000
2021-10-09 20:54.25 [info     ] Evaluation complete            test_loss=0.7172846794128418
{'dataset_size': 800,
 'test_accuracy': 0.7509983777999878,
 'test_loss': 0.7172846794128418,
 'train_accuracy': 0.7287499904632568,
 'train_loss': 1.2514193058013916,
 'val_accuracy': 0.6328125}
2021-10-09 20:54.25 [info     ] Start Predict                  dataset=59100
2021-10-09 20:55.00 [info     ] Starting training              dataset=810 epoch=100
2021-10-09 20:55.26 [info     ] Training complete              train_loss=1.1903588771820068
2021-10-09 20:55.26 [info     ] Starting evaluating            dataset=10000
2021-10-09 20:55.32 [info     ] Evaluation complete            test_loss=0.6557581424713135
{'dataset_size': 810,
 'test_accuracy': 0.7604832053184509,
 'test_loss': 0.6557581424713135,
 'train_accuracy': 0.6956730484962463,
 'train_loss': 1.1903588771820068,
 'val_accuracy': 0.6640625}
2021-10-09 20:55.32 [info     ] Start Predict                  dataset=59090
2021-10-09 20:56.07 [info     ] Starting training              dataset=820 epoch=100
2021-10-09 20:56.33 [info     ] Training complete              train_loss=1.057905673980713
2021-10-09 20:56.33 [info     ] Starting evaluating            dataset=10000
2021-10-09 20:56.40 [info     ] Evaluation complete            test_loss=0.6431441903114319
{'dataset_size': 820,
 'test_accuracy': 0.7642771601676941,
 'test_loss': 0.6431441903114319,
 'train_accuracy': 0.7531249523162842,
 'train_loss': 1.057905673980713,
 'val_accuracy': 0.640625}
2021-10-09 20:56.40 [info     ] Start Predict                  dataset=59080
2021-10-09 20:57.16 [info     ] Starting training              dataset=830 epoch=100
2021-10-09 20:57.48 [info     ] Training complete              train_loss=1.0934991836547852
2021-10-09 20:57.48 [info     ] Starting evaluating            dataset=10000
2021-10-09 20:57.54 [info     ] Evaluation complete            test_loss=0.6138706803321838
{'dataset_size': 830,
 'test_accuracy': 0.7754592895507812,
 'test_loss': 0.6138706803321838,
 'train_accuracy': 0.7493590116500854,
 'train_loss': 1.0934991836547852,
 'val_accuracy': 0.640625}
2021-10-09 20:57.54 [info     ] Start Predict                  dataset=59070
2021-10-09 20:58.28 [info     ] Starting training              dataset=840 epoch=100
2021-10-09 20:59.02 [info     ] Training complete              train_loss=1.1915961503982544
2021-10-09 20:59.02 [info     ] Starting evaluating            dataset=10000
2021-10-09 20:59.08 [info     ] Evaluation complete            test_loss=0.6308791041374207
{'dataset_size': 840,
 'test_accuracy': 0.7668730020523071,
 'test_loss': 0.6308791041374207,
 'train_accuracy': 0.7442129850387573,
 'train_loss': 1.1915961503982544,
 'val_accuracy': 0.671875}
2021-10-09 20:59.08 [info     ] Start Predict                  dataset=59060
2021-10-09 20:59.46 [info     ] Starting training              dataset=850 epoch=100
2021-10-09 21:00.07 [info     ] Training complete              train_loss=1.1829276084899902
2021-10-09 21:00.07 [info     ] Starting evaluating            dataset=10000
2021-10-09 21:00.13 [info     ] Evaluation complete            test_loss=0.6993955373764038
{'dataset_size': 850,
 'test_accuracy': 0.7722643613815308,
 'test_loss': 0.6993955373764038,
 'train_accuracy': 0.7021604180335999,
 'train_loss': 1.1829276084899902,
 'val_accuracy': 0.7578125}
2021-10-09 21:00.13 [info     ] Start Predict                  dataset=59050
2021-10-09 21:00.48 [info     ] Starting training              dataset=860 epoch=100
2021-10-09 21:01.26 [info     ] Training complete              train_loss=1.3153631687164307
2021-10-09 21:01.26 [info     ] Starting evaluating            dataset=10000
2021-10-09 21:01.32 [info     ] Evaluation complete            test_loss=0.5981562733650208
{'dataset_size': 860,
 'test_accuracy': 0.7768570184707642,
 'test_loss': 0.5981562733650208,
 'train_accuracy': 0.7415674924850464,
 'train_loss': 1.3153631687164307,
 'val_accuracy': 0.578125}
2021-10-09 21:01.32 [info     ] Start Predict                  dataset=59040
2021-10-09 21:02.09 [info     ] Starting training              dataset=870 epoch=100
2021-10-09 21:02.51 [info     ] Training complete              train_loss=1.4730867147445679
2021-10-09 21:02.51 [info     ] Starting evaluating            dataset=10000
2021-10-09 21:02.57 [info     ] Evaluation complete            test_loss=0.630930483341217
{'dataset_size': 870,
 'test_accuracy': 0.7802516222000122,
 'test_loss': 0.630930483341217,
 'train_accuracy': 0.7194940447807312,
 'train_loss': 1.4730867147445679,
 'val_accuracy': 0.6328125}
2021-10-09 21:02.57 [info     ] Start Predict                  dataset=59030
2021-10-09 21:03.34 [info     ] Starting training              dataset=880 epoch=100
2021-10-09 21:04.06 [info     ] Training complete              train_loss=1.2717584371566772
2021-10-09 21:04.06 [info     ] Starting evaluating            dataset=10000
2021-10-09 21:04.12 [info     ] Evaluation complete            test_loss=0.5962878465652466
{'dataset_size': 880,
 'test_accuracy': 0.7880391478538513,
 'test_loss': 0.5962878465652466,
 'train_accuracy': 0.71875,
 'train_loss': 1.2717584371566772,
 'val_accuracy': 0.7109375}
2021-10-09 21:04.12 [info     ] Start Predict                  dataset=59020
2021-10-09 21:04.46 [info     ] Starting training              dataset=890 epoch=100
2021-10-09 21:05.10 [info     ] Training complete              train_loss=1.094286322593689
2021-10-09 21:05.10 [info     ] Starting evaluating            dataset=10000
2021-10-09 21:05.17 [info     ] Evaluation complete            test_loss=0.6817775368690491
{'dataset_size': 890,
 'test_accuracy': 0.7574880123138428,
 'test_loss': 0.6817775368690491,
 'train_accuracy': 0.7252747416496277,
 'train_loss': 1.094286322593689,
 'val_accuracy': 0.6484375}
2021-10-09 21:05.17 [info     ] Start Predict                  dataset=59010
2021-10-09 21:05.53 [info     ] Starting training              dataset=900 epoch=100
2021-10-09 21:06.26 [info     ] Training complete              train_loss=1.2991430759429932
2021-10-09 21:06.26 [info     ] Starting evaluating            dataset=10000
2021-10-09 21:06.32 [info     ] Evaluation complete            test_loss=0.6243970394134521
{'dataset_size': 900,
 'test_accuracy': 0.777755618095398,
 'test_loss': 0.6243970394134521,
 'train_accuracy': 0.6821120977401733,
 'train_loss': 1.2991430759429932,
 'val_accuracy': 0.65625}
2021-10-09 21:06.32 [info     ] Start Predict                  dataset=59000
2021-10-09 21:07.07 [info     ] Starting training              dataset=910 epoch=100
2021-10-09 21:07.42 [info     ] Training complete              train_loss=1.3440954685211182
2021-10-09 21:07.42 [info     ] Starting evaluating            dataset=10000
2021-10-09 21:07.48 [info     ] Evaluation complete            test_loss=0.6719728708267212
{'dataset_size': 910,
 'test_accuracy': 0.7717651724815369,
 'test_loss': 0.6719728708267212,
 'train_accuracy': 0.6976600885391235,
 'train_loss': 1.3440954685211182,
 'val_accuracy': 0.6015625}
2021-10-09 21:07.48 [info     ] Start Predict                  dataset=58990
2021-10-09 21:08.22 [info     ] Starting training              dataset=920 epoch=100
2021-10-09 21:08.42 [info     ] Training complete              train_loss=1.1480259895324707
2021-10-09 21:08.42 [info     ] Starting evaluating            dataset=10000
2021-10-09 21:08.48 [info     ] Evaluation complete            test_loss=0.7150161862373352
{'dataset_size': 920,
 'test_accuracy': 0.7680711150169373,
 'test_loss': 0.7150161862373352,
 'train_accuracy': 0.7144396305084229,
 'train_loss': 1.1480259895324707,
 'val_accuracy': 0.640625}
2021-10-09 21:08.49 [info     ] Start Predict                  dataset=58980
2021-10-09 21:09.26 [info     ] Starting training              dataset=930 epoch=100
2021-10-09 21:09.57 [info     ] Training complete              train_loss=1.2014508247375488
2021-10-09 21:09.57 [info     ] Starting evaluating            dataset=10000
2021-10-09 21:10.03 [info     ] Evaluation complete            test_loss=0.6706624627113342
{'dataset_size': 930,
 'test_accuracy': 0.769069492816925,
 'test_loss': 0.6706624627113342,
 'train_accuracy': 0.71875,
 'train_loss': 1.2014508247375488,
 'val_accuracy': 0.6484375}
2021-10-09 21:10.03 [info     ] Start Predict                  dataset=58970
2021-10-09 21:10.40 [info     ] Starting training              dataset=940 epoch=100
2021-10-09 21:11.13 [info     ] Training complete              train_loss=1.2499816417694092
2021-10-09 21:11.13 [info     ] Starting evaluating            dataset=10000
2021-10-09 21:11.20 [info     ] Evaluation complete            test_loss=0.6233178377151489
{'dataset_size': 940,
 'test_accuracy': 0.77555912733078,
 'test_loss': 0.6233178377151489,
 'train_accuracy': 0.7215278148651123,
 'train_loss': 1.2499816417694092,
 'val_accuracy': 0.640625}
2021-10-09 21:11.20 [info     ] Start Predict                  dataset=58960
2021-10-09 21:11.54 [info     ] Starting training              dataset=950 epoch=100
2021-10-09 21:12.23 [info     ] Training complete              train_loss=1.199225664138794
2021-10-09 21:12.23 [info     ] Starting evaluating            dataset=10000
2021-10-09 21:12.29 [info     ] Evaluation complete            test_loss=0.6454339027404785
{'dataset_size': 950,
 'test_accuracy': 0.7666733264923096,
 'test_loss': 0.6454339027404785,
 'train_accuracy': 0.7179924249649048,
 'train_loss': 1.199225664138794,
 'val_accuracy': 0.578125}
2021-10-09 21:12.29 [info     ] Start Predict                  dataset=58950
2021-10-09 21:13.03 [info     ] Starting training              dataset=960 epoch=100
2021-10-09 21:13.22 [info     ] Training complete              train_loss=1.2173467874526978
2021-10-09 21:13.22 [info     ] Starting evaluating            dataset=10000
2021-10-09 21:13.28 [info     ] Evaluation complete            test_loss=0.7279555797576904
{'dataset_size': 960,
 'test_accuracy': 0.7591853141784668,
 'test_loss': 0.7279555797576904,
 'train_accuracy': 0.7166666388511658,
 'train_loss': 1.2173467874526978,
 'val_accuracy': 0.6328125}
2021-10-09 21:13.28 [info     ] Start Predict                  dataset=58940
2021-10-09 21:14.06 [info     ] Starting training              dataset=970 epoch=100
2021-10-09 21:14.35 [info     ] Training complete              train_loss=1.1240583658218384
2021-10-09 21:14.35 [info     ] Starting evaluating            dataset=10000
2021-10-09 21:14.41 [info     ] Evaluation complete            test_loss=0.6273671984672546
{'dataset_size': 970,
 'test_accuracy': 0.7734624743461609,
 'test_loss': 0.6273671984672546,
 'train_accuracy': 0.7344757914543152,
 'train_loss': 1.1240583658218384,
 'val_accuracy': 0.578125}
2021-10-09 21:14.41 [info     ] Start Predict                  dataset=58930
2021-10-09 21:15.16 [info     ] Starting training              dataset=980 epoch=100
2021-10-09 21:15.47 [info     ] Training complete              train_loss=1.2691760063171387
2021-10-09 21:15.47 [info     ] Starting evaluating            dataset=10000
2021-10-09 21:15.53 [info     ] Evaluation complete            test_loss=0.6393640041351318
{'dataset_size': 980,
 'test_accuracy': 0.7617811560630798,
 'test_loss': 0.6393640041351318,
 'train_accuracy': 0.7014113068580627,
 'train_loss': 1.2691760063171387,
 'val_accuracy': 0.6640625}
2021-10-09 21:15.53 [info     ] Start Predict                  dataset=58920
2021-10-09 21:16.28 [info     ] Starting training              dataset=990 epoch=100
2021-10-09 21:16.55 [info     ] Training complete              train_loss=1.1776864528656006
2021-10-09 21:16.55 [info     ] Starting evaluating            dataset=10000
2021-10-09 21:17.01 [info     ] Evaluation complete            test_loss=0.5855434536933899
{'dataset_size': 990,
 'test_accuracy': 0.7890375256538391,
 'test_loss': 0.5855434536933899,
 'train_accuracy': 0.7199596762657166,
 'train_loss': 1.1776864528656006,
 'val_accuracy': 0.6640625}
2021-10-09 21:17.01 [info     ] Start Predict                  dataset=58910
2021-10-09 21:17.36 [info     ] Starting training              dataset=1000 epoch=100
2021-10-09 21:18.01 [info     ] Training complete              train_loss=1.1728405952453613
2021-10-09 21:18.01 [info     ] Starting evaluating            dataset=10000
2021-10-09 21:18.07 [info     ] Evaluation complete            test_loss=0.5884548425674438
{'dataset_size': 1000,
 'test_accuracy': 0.7949281334877014,
 'test_loss': 0.5884548425674438,
 'train_accuracy': 0.69140625,
 'train_loss': 1.1728405952453613,
 'val_accuracy': 0.6875}
2021-10-09 21:18.07 [info     ] Start Predict                  dataset=58900
2021-10-09 21:18.43 [info     ] Starting training              dataset=1010 epoch=100
2021-10-09 21:19.13 [info     ] Training complete              train_loss=1.2651622295379639
2021-10-09 21:19.13 [info     ] Starting evaluating            dataset=10000
2021-10-09 21:19.19 [info     ] Evaluation complete            test_loss=0.522933304309845
{'dataset_size': 1010,
 'test_accuracy': 0.8300718665122986,
 'test_loss': 0.522933304309845,
 'train_accuracy': 0.6828342080116272,
 'train_loss': 1.2651622295379639,
 'val_accuracy': 0.75}
2021-10-09 21:19.19 [info     ] Start Predict                  dataset=58890
